info it worked if it ends with ok
verbose cli [ 'node', '/usr/bin/npm', 'install', '-d' ]
info using npm@1.0.106
info using node@v0.4.11
verbose config file /Users/ronnysugianto/.npmrc
verbose config file /usr/etc/npmrc
verbose config file /usr/lib/node_modules/npm/npmrc
ERR! Couldn't read dependencies.
ERR! Error: ENOENT, No such file or directory '/Users/ronnysugianto/node_project/package.json'
ERR! Report this *entire* log at:
ERR!     <http://github.com/isaacs/npm/issues>
ERR! or email it to:
ERR!     <npm-@googlegroups.com>
ERR! 
ERR! System Darwin 10.8.0
ERR! command "node" "/usr/bin/npm" "install" "-d"
ERR! cwd /Users/ronnysugianto/node_project/Alumni
ERR! node -v v0.4.11
ERR! npm -v 1.0.106
ERR! path /Users/ronnysugianto/node_project/package.json
ERR! code ENOENT
verbose exit [ 1, true ]
